# If this log is to be used for incremental obfuscation / patch generation, 
# add any '.class', '.method', '.field' and '.attribute' restrictions here:


#-DO-NOT-EDIT-BELOW-THIS-LINE------------------DO-NOT-EDIT-BELOW-THIS-LINE--
#
# RetroGuard Bytecode Obfuscator, v2.0.2, a product of Retrologic Systems - www.retrologic.com
#
# Logfile created on Sat Jul 23 03:04:44 GMT+05:30 2005
#
# Jar file to be obfuscated:           EnhancedScrolling.jar
# Target Jar file for obfuscated code: EnhancedScrolling_obfsucated.jar
# RetroGuard Script file used:         retroguard.txt
#
#
# WARNING - Methods are called which may unavoidably break in obfuscated
# version at runtime. Please review your source code to ensure that these
# methods are not intended to act on classes within the obfuscated Jar file.
#      Your class santhosh/EnhancedScrollingDemo uses '.class' or calls java/lang/Class.forName(Ljava/lang/String;)Ljava/lang/Class;
#      Your class santhosh/ScrollGestureRecognizer uses '.class' or calls java/lang/Class.forName(Ljava/lang/String;)Ljava/lang/Class;
#      Your class santhosh/ScrollGlassPane uses '.class' or calls java/lang/Class.forName(Ljava/lang/String;)Ljava/lang/Class;
#
# Memory in use after class data structure built: 484032 bytes
# Total memory available                        : 2031616 bytes
#
#
# Obfuscated name overloading frequency:
#  'a'   	used 4 times	(33%)
#  'if'   	used 2 times	(16%)
#  'do'   	used 2 times	(16%)
#  'for'   	used 1 times	(8%)
#  'new'   	used 1 times	(8%)
#  'int'   	used 1 times	(8%)
#  'b'   	used 1 times	(8%)
#  Other names (each used in <1% of mappings) used a total of 0 times (3%)
#
#
# Names reserved from obfuscation:
#
.class santhosh/EnhancedScrollingDemo
.method santhosh/EnhancedScrollingDemo/main ([Ljava/lang/String;)V
#
#
# Obfuscated name mappings (some of these may be unchanged due to polymorphism constraints):
#
.class_map santhosh/ScrollGlassPane a
.field_map santhosh/ScrollGlassPane/viewport a
.field_map santhosh/ScrollGlassPane/location if
.field_map santhosh/ScrollGlassPane/mouseLocation do
.field_map santhosh/ScrollGlassPane/img for
.field_map santhosh/ScrollGlassPane/oldGlassPane int
.field_map santhosh/ScrollGlassPane/class$santhosh$EnhancedScrollingDemo class$santhosh$EnhancedScrollingDemo
.field_map santhosh/ScrollGlassPane/movingTimer new
.method_map santhosh/ScrollGlassPane/actionPerformed (Ljava/awt/event/ActionEvent;)V actionPerformed
.method_map santhosh/ScrollGlassPane/mouseEntered (Ljava/awt/event/MouseEvent;)V mouseEntered
.method_map santhosh/ScrollGlassPane/class$ (Ljava/lang/String;)Ljava/lang/Class; class$
.method_map santhosh/ScrollGlassPane/mouseDragged (Ljava/awt/event/MouseEvent;)V mouseDragged
.method_map santhosh/ScrollGlassPane/mouseMoved (Ljava/awt/event/MouseEvent;)V mouseMoved
.method_map santhosh/ScrollGlassPane/mousePressed (Ljava/awt/event/MouseEvent;)V mousePressed
.method_map santhosh/ScrollGlassPane/paintComponent (Ljava/awt/Graphics;)V paintComponent
.method_map santhosh/ScrollGlassPane/mouseClicked (Ljava/awt/event/MouseEvent;)V mouseClicked
.method_map santhosh/ScrollGlassPane/mouseExited (Ljava/awt/event/MouseEvent;)V mouseExited
.method_map santhosh/ScrollGlassPane/mouseReleased (Ljava/awt/event/MouseEvent;)V mouseReleased
.class_map santhosh/ScrollGestureRecognizer b
.field_map santhosh/ScrollGestureRecognizer/instance a
.field_map santhosh/ScrollGestureRecognizer/class$javax$swing$JViewport class$javax$swing$JViewport
.method_map santhosh/ScrollGestureRecognizer/stop ()V a
.method_map santhosh/ScrollGestureRecognizer/eventDispatched (Ljava/awt/AWTEvent;)V eventDispatched
.method_map santhosh/ScrollGestureRecognizer/getInstance ()Lsanthosh/ScrollGestureRecognizer; if
.method_map santhosh/ScrollGestureRecognizer/start ()V do
.method_map santhosh/ScrollGestureRecognizer/class$ (Ljava/lang/String;)Ljava/lang/Class; class$
.class_map santhosh/EnhancedScrollingDemo$1 1
.method_map santhosh/EnhancedScrollingDemo$1/mouseClicked (Ljava/awt/event/MouseEvent;)V mouseClicked
.field_map santhosh/EnhancedScrollingDemo/class$santhosh$EnhancedScrollingDemo class$santhosh$EnhancedScrollingDemo
.method_map santhosh/EnhancedScrollingDemo/class$ (Ljava/lang/String;)Ljava/lang/Class; class$
