# If this log is to be used for incremental obfuscation / patch generation, 
# add any '.class', '.method', '.field' and '.attribute' restrictions here:


#-DO-NOT-EDIT-BELOW-THIS-LINE------------------DO-NOT-EDIT-BELOW-THIS-LINE--
#
# RetroGuard Bytecode Obfuscator, v2.0.2, a product of Retrologic Systems - www.retrologic.com
#
# Logfile created on Thu Feb 16 22:38:21 GMT+05:30 2006
#
# Jar file to be obfuscated:           HighlightTree.jar
# Target Jar file for obfuscated code: HighlightTree_obfsucated.jar
# RetroGuard Script file used:         (none, defaults used)
#
#
# Memory in use after class data structure built: 592728 bytes
# Total memory available                        : 2031616 bytes
#
#
# Obfuscated name overloading frequency:
#  'a'   	used 2 times	(100%)
#  Other names (each used in <1% of mappings) used a total of 0 times (0%)
#
#
# Names reserved from obfuscation:
#
.class santhosh/MyTreeCellRenderer
.class santhosh/HighlighterTree
.field santhosh/HighlighterTree/highlightPath Ljavax/swing/tree/TreePath;
.field santhosh/HighlighterTree/highlightColor Ljava/awt/Color;
.class santhosh/HighlightTreeDemo$HighlightAction
.field santhosh/HighlightTreeDemo$HighlightAction/tree Lsanthosh/HighlighterTree;
.field santhosh/HighlightTreeDemo$HighlightAction/path Ljavax/swing/tree/TreePath;
.class santhosh/HighlightTreeDemo
.method santhosh/HighlightTreeDemo/main ([Ljava/lang/String;)V
#
#
# Obfuscated name mappings (some of these may be unchanged due to polymorphism constraints):
#
.method_map santhosh/MyTreeCellRenderer/getBackground ()Ljava/awt/Color; getBackground
.method_map santhosh/HighlighterTree/paintComponent (Ljava/awt/Graphics;)V paintComponent
.method_map santhosh/HighlighterTree/setHighlightPath (Ljavax/swing/tree/TreePath;)V a
.method_map santhosh/HighlighterTree/getHighlightPath ()Ljavax/swing/tree/TreePath; a
.class_map santhosh/HighlightTreeDemo$1 1
.field_map santhosh/HighlightTreeDemo$1/val$tree val$tree
.method_map santhosh/HighlightTreeDemo$1/mouseReleased (Ljava/awt/event/MouseEvent;)V mouseReleased
.method_map santhosh/HighlightTreeDemo$HighlightAction/actionPerformed (Ljava/awt/event/ActionEvent;)V actionPerformed
