# If this log is to be used for incremental obfuscation / patch generation, 
# add any '.class', '.method', '.field' and '.attribute' restrictions here:


#-DO-NOT-EDIT-BELOW-THIS-LINE------------------DO-NOT-EDIT-BELOW-THIS-LINE--
#
# RetroGuard Bytecode Obfuscator, v2.0.2, a product of Retrologic Systems - www.retrologic.com
#
# Logfile created on Fri Aug 12 23:46:28 GMT+05:30 2005
#
# Jar file to be obfuscated:           JTableEditing.jar
# Target Jar file for obfuscated code: JTableEditing_obfsucated.jar
# RetroGuard Script file used:         (none, defaults used)
#
#
# WARNING - Methods are called which may unavoidably break in obfuscated
# version at runtime. Please review your source code to ensure that these
# methods are not intended to act on classes within the obfuscated Jar file.
#      Your class santhosh/JTableEditingDemo uses '.class' or calls java/lang/Class.forName(Ljava/lang/String;)Ljava/lang/Class;
#
# Memory in use after class data structure built: 523776 bytes
# Total memory available                        : 2031616 bytes
#
#
# Obfuscated name overloading frequency:
#  'if'   	used 1 times	(50%)
#  'a'   	used 1 times	(50%)
#  Other names (each used in <1% of mappings) used a total of 0 times (0%)
#
#
# Names reserved from obfuscation:
#
.field santhosh/JTableEditingDemo$1/tabKeyStroke Ljavax/swing/KeyStroke;
.class santhosh/JTableEditingDemo
.method santhosh/JTableEditingDemo/main ([Ljava/lang/String;)V
.class santhosh/TableTest
.method santhosh/TableTest/main ([Ljava/lang/String;)V
#
#
# Obfuscated name mappings (some of these may be unchanged due to polymorphism constraints):
#
.class_map santhosh/JTableEditingDemo$2 2
.method_map santhosh/JTableEditingDemo$2/processFocusEvent (Ljava/awt/event/FocusEvent;)V processFocusEvent
.class_map santhosh/JTableEditingDemo$1 1
.method_map santhosh/JTableEditingDemo$1/changeSelection (IIZZ)V changeSelection
.field_map santhosh/JTableEditingDemo/class$java$lang$Object class$java$lang$Object
.method_map santhosh/JTableEditingDemo/createTable2 ()Ljavax/swing/JTable; a
.method_map santhosh/JTableEditingDemo/class$ (Ljava/lang/String;)Ljava/lang/Class; class$
.method_map santhosh/JTableEditingDemo/createTable1 ()Ljavax/swing/JTable; if
