# If this log is to be used for incremental obfuscation / patch generation, 
# add any '.class', '.method', '.field' and '.attribute' restrictions here:


#-DO-NOT-EDIT-BELOW-THIS-LINE------------------DO-NOT-EDIT-BELOW-THIS-LINE--
#
# RetroGuard Bytecode Obfuscator, v2.0.2, a product of Retrologic Systems - www.retrologic.com
#
# Logfile created on Fri Jul 08 22:43:04 GMT+05:30 2005
#
# Jar file to be obfuscated:           ContextSensitiveActions.jar
# Target Jar file for obfuscated code: ContextSensitiveActions_obfsucated.jar
# RetroGuard Script file used:         (none, defaults used)
#
#
# Memory in use after class data structure built: 283328 bytes
# Total memory available                        : 2031616 bytes
#
#
# Obfuscated name overloading frequency:
#  'a'   	used 2 times	(66%)
#  'if'   	used 1 times	(33%)
#  Other names (each used in <1% of mappings) used a total of 0 times (1%)
#
#
# Names reserved from obfuscation:
#
.class santhosh/ContextSensitiveActionsDemo
.method santhosh/ContextSensitiveActionsDemo/main ([Ljava/lang/String;)V
#
#
# Obfuscated name mappings (some of these may be unchanged due to polymorphism constraints):
#
.class_map santhosh/ContextSensitiveAction a
.field_map santhosh/ContextSensitiveAction/delegate a
.field_map santhosh/ContextSensitiveAction/source if
.method_map santhosh/ContextSensitiveAction/isEnabled ()Z isEnabled
.method_map santhosh/ContextSensitiveAction/setEnabled (Z)V setEnabled
.method_map santhosh/ContextSensitiveAction/getValue (Ljava/lang/String;)Ljava/lang/Object; getValue
.method_map santhosh/ContextSensitiveAction/actionPerformed (Ljava/awt/event/ActionEvent;)V actionPerformed
.method_map santhosh/ContextSensitiveAction/addPropertyChangeListener (Ljava/beans/PropertyChangeListener;)V addPropertyChangeListener
.method_map santhosh/ContextSensitiveAction/removePropertyChangeListener (Ljava/beans/PropertyChangeListener;)V removePropertyChangeListener
.method_map santhosh/ContextSensitiveAction/putValue (Ljava/lang/String;Ljava/lang/Object;)V putValue
