# If this log is to be used for incremental obfuscation / patch generation, 
# add any '.class', '.method', '.field' and '.attribute' restrictions here:


#-DO-NOT-EDIT-BELOW-THIS-LINE------------------DO-NOT-EDIT-BELOW-THIS-LINE--
#
# RetroGuard Bytecode Obfuscator, v2.0.2, a product of Retrologic Systems - www.retrologic.com
#
# Logfile created on Fri Jul 22 03:07:53 GMT+05:30 2005
#
# Jar file to be obfuscated:           FocusOwner.jar
# Target Jar file for obfuscated code: FocusOwner_obfsucated.jar
# RetroGuard Script file used:         (none, defaults used)
#
#
# Memory in use after class data structure built: 499600 bytes
# Total memory available                        : 2031616 bytes
#
#
# Obfuscated name overloading frequency:
#  'a'   	used 5 times	(41%)
#  'if'   	used 2 times	(16%)
#  'for'   	used 2 times	(16%)
#  'do'   	used 2 times	(16%)
#  'int'   	used 1 times	(8%)
#  Other names (each used in <1% of mappings) used a total of 0 times (3%)
#
#
# Names reserved from obfuscation:
#
.class santhosh/JTitledPanel
.field santhosh/JTitledPanel/contents Ljavax/swing/JPanel;
.field santhosh/JTitledPanel/tracker Lsanthosh/FocusOwnerTracker;
.field santhosh/JTitledPanel/titleLabel Ljavax/swing/JLabel;
.class santhosh/FocusOwnerDemo
.method santhosh/FocusOwnerDemo/main ([Ljava/lang/String;)V
#
#
# Obfuscated name mappings (some of these may be unchanged due to polymorphism constraints):
#
.class_map santhosh/JTitledPanel$1 1
.field_map santhosh/JTitledPanel$1/this$0 this$0
.method_map santhosh/JTitledPanel$1/focusLost ()V if
.method_map santhosh/JTitledPanel$1/focusGained ()V int
.method_map santhosh/JTitledPanel/getContents ()Ljavax/swing/JPanel; a
.class_map santhosh/FocusOwnerTracker a
.field_map santhosh/FocusOwnerTracker/inside a
.field_map santhosh/FocusOwnerTracker/PERMANENT_FOCUS_OWNER if
.field_map santhosh/FocusOwnerTracker/focusManager do
.field_map santhosh/FocusOwnerTracker/comp for
.method_map santhosh/FocusOwnerTracker/stop ()V a
.method_map santhosh/FocusOwnerTracker/focusLost ()V if
.method_map santhosh/FocusOwnerTracker/propertyChange (Ljava/beans/PropertyChangeEvent;)V propertyChange
.method_map santhosh/FocusOwnerTracker/start ()V do
.method_map santhosh/FocusOwnerTracker/isFocusInside (Z)Z a
.method_map santhosh/FocusOwnerTracker/isFocusInside ()Z for
.method_map santhosh/FocusOwnerTracker/focusGained ()V int
