# If this log is to be used for incremental obfuscation / patch generation, 
# add any '.class', '.method', '.field' and '.attribute' restrictions here:


#-DO-NOT-EDIT-BELOW-THIS-LINE------------------DO-NOT-EDIT-BELOW-THIS-LINE--
#
# RetroGuard Bytecode Obfuscator, v2.0.2, a product of Retrologic Systems - www.retrologic.com
#
# Logfile created on Tue Nov 01 19:04:56 GMT+05:30 2005
#
# Jar file to be obfuscated:           Autoscroll.jar
# Target Jar file for obfuscated code: Autoscroll_obfsucated.jar
# RetroGuard Script file used:         retroguard.txt
#
#
# WARNING - Methods are called which may unavoidably break in obfuscated
# version at runtime. Please review your source code to ensure that these
# methods are not intended to act on classes within the obfuscated Jar file.
#      Your class santhosh/AutoscrollDemo uses '.class' or calls java/lang/Class.forName(Ljava/lang/String;)Ljava/lang/Class;
#      Your class santhosh/AutoscrollSupport uses '.class' or calls java/lang/Class.forName(Ljava/lang/String;)Ljava/lang/Class;
#
# Memory in use after class data structure built: 494528 bytes
# Total memory available                        : 2031616 bytes
#
#
# Obfuscated name overloading frequency:
#  'a'   	used 6 times	(66%)
#  'if'   	used 1 times	(11%)
#  'b'   	used 1 times	(11%)
#  'do'   	used 1 times	(11%)
#  Other names (each used in <1% of mappings) used a total of 0 times (1%)
#
#
# Names reserved from obfuscation:
#
.class santhosh/AutoscrollDemo
.method santhosh/AutoscrollDemo/main ([Ljava/lang/String;)V
#
#
# Obfuscated name mappings (some of these may be unchanged due to polymorphism constraints):
#
.class_map santhosh/AutoscrollSupport a
.field_map santhosh/AutoscrollSupport/scrollUnits a
.field_map santhosh/AutoscrollSupport/insets if
.field_map santhosh/AutoscrollSupport/comp do
.field_map santhosh/AutoscrollSupport/class$javax$swing$JViewport class$javax$swing$JViewport
.method_map santhosh/AutoscrollSupport/getAutoscrollInsets ()Ljava/awt/Insets; getAutoscrollInsets
.method_map santhosh/AutoscrollSupport/autoscroll (Ljava/awt/Point;)V autoscroll
.method_map santhosh/AutoscrollSupport/class$ (Ljava/lang/String;)Ljava/lang/Class; class$
.method_map santhosh/AutoscrollSupport/getViewport ()Ljavax/swing/JViewport; a
.method_map santhosh/AutoscrollDemo/createScroll (Ljavax/swing/JComponent;Ljava/lang/String;)Ljavax/swing/JScrollPane; a
.method_map santhosh/AutoscrollDemo/applyDNDHack (Ljavax/swing/JComponent;)V a
.class_map santhosh/MyList b
.field_map santhosh/MyList/scrollSupport a
.method_map santhosh/MyList/getAutoscrollInsets ()Ljava/awt/Insets; getAutoscrollInsets
.method_map santhosh/MyList/autoscroll (Ljava/awt/Point;)V autoscroll
