# If this log is to be used for incremental obfuscation / patch generation, 
# add any '.class', '.method', '.field' and '.attribute' restrictions here:


#-DO-NOT-EDIT-BELOW-THIS-LINE------------------DO-NOT-EDIT-BELOW-THIS-LINE--
#
# RetroGuard Bytecode Obfuscator, v2.0.2, a product of Retrologic Systems - www.retrologic.com
#
# Logfile created on Sun Sep 25 20:12:08 GMT+05:30 2005
#
# Jar file to be obfuscated:           EmptyTablePopup.jar
# Target Jar file for obfuscated code: EmptyTablePopup_obfsucated.jar
# RetroGuard Script file used:         retroguard.txt
#
#
# Memory in use after class data structure built: 513512 bytes
# Total memory available                        : 2031616 bytes
#
#
# Obfuscated name overloading frequency:
#  'a'   	used 2 times	(100%)
#  Other names (each used in <1% of mappings) used a total of 0 times (0%)
#
#
# Names reserved from obfuscation:
#
.class santhosh/EmptyTablePopupDemo
.method santhosh/EmptyTablePopupDemo/main ([Ljava/lang/String;)V
#
#
# Obfuscated name mappings (some of these may be unchanged due to polymorphism constraints):
#
.class_map santhosh/EmptyTablePopupDemo$2 2
.method_map santhosh/EmptyTablePopupDemo$2/showPopup (Ljava/awt/event/MouseEvent;)V a
.method_map santhosh/EmptyTablePopupDemo$2/mouseReleased (Ljava/awt/event/MouseEvent;)V mouseReleased
.method_map santhosh/EmptyTablePopupDemo$2/mousePressed (Ljava/awt/event/MouseEvent;)V mousePressed
.class_map santhosh/EmptyTablePopupDemo$1 1
.method_map santhosh/EmptyTablePopupDemo$1/getScrollableTracksViewportHeight ()Z getScrollableTracksViewportHeight
.method_map santhosh/EmptyTablePopupDemo/createScroll (Ljava/awt/Component;)Ljavax/swing/JScrollPane; a
