# If this log is to be used for incremental obfuscation / patch generation, 
# add any '.class', '.method', '.field' and '.attribute' restrictions here:


#-DO-NOT-EDIT-BELOW-THIS-LINE------------------DO-NOT-EDIT-BELOW-THIS-LINE--
#
# RetroGuard Bytecode Obfuscator, v2.0.2, a product of Retrologic Systems - www.retrologic.com
#
# Logfile created on Fri Dec 09 01:41:01 GMT+05:30 2005
#
# Jar file to be obfuscated:           MoreButton.jar
# Target Jar file for obfuscated code: MoreButton_obfsucated.jar
# RetroGuard Script file used:         (none, defaults used)
#
#
# WARNING - Methods are called which may unavoidably break in obfuscated
# version at runtime. Please review your source code to ensure that these
# methods are not intended to act on classes within the obfuscated Jar file.
#      Your class santhosh/MoreButton uses '.class' or calls java/lang/Class.forName(Ljava/lang/String;)Ljava/lang/Class;
#      Your class santhosh/MoreButtonDemo uses '.class' or calls java/lang/Class.forName(Ljava/lang/String;)Ljava/lang/Class;
#
# Memory in use after class data structure built: 514112 bytes
# Total memory available                        : 2031616 bytes
#
#
# Obfuscated name overloading frequency:
#  'a'   	used 2 times	(100%)
#  Other names (each used in <1% of mappings) used a total of 0 times (0%)
#
#
# Names reserved from obfuscation:
#
.class santhosh/MoreButton
.field santhosh/MoreButton/toolbar Ljavax/swing/JToolBar;
.class santhosh/MoreButtonDemo
.method santhosh/MoreButtonDemo/main ([Ljava/lang/String;)V
#
#
# Obfuscated name mappings (some of these may be unchanged due to polymorphism constraints):
#
.class_map santhosh/MoreButton$2 2
.field_map santhosh/MoreButton$2/this$0 this$0
.method_map santhosh/MoreButton$2/popupMenuWillBecomeInvisible (Ljavax/swing/event/PopupMenuEvent;)V popupMenuWillBecomeInvisible
.method_map santhosh/MoreButton$2/popupMenuWillBecomeVisible (Ljavax/swing/event/PopupMenuEvent;)V popupMenuWillBecomeVisible
.method_map santhosh/MoreButton$2/popupMenuCanceled (Ljavax/swing/event/PopupMenuEvent;)V popupMenuCanceled
.class_map santhosh/MoreButton$1 1
.field_map santhosh/MoreButton$1/this$0 this$0
.field_map santhosh/MoreButton$1/val$toolbar val$toolbar
.method_map santhosh/MoreButton$1/componentResized (Ljava/awt/event/ComponentEvent;)V componentResized
.field_map santhosh/MoreButton/class$santhosh$MoreButtonDemo class$santhosh$MoreButtonDemo
.method_map santhosh/MoreButton/access$000 (Lsanthosh/MoreButton;Ljava/awt/Component;Ljava/awt/Rectangle;)Z access$000
.method_map santhosh/MoreButton/wrapToolBar (Ljavax/swing/JToolBar;)Ljava/awt/Component; a
.method_map santhosh/MoreButton/actionPerformed (Ljava/awt/event/ActionEvent;)V actionPerformed
.method_map santhosh/MoreButton/isVisible (Ljava/awt/Component;Ljava/awt/Rectangle;)Z a
.method_map santhosh/MoreButton/class$ (Ljava/lang/String;)Ljava/lang/Class; class$
.class_map santhosh/MoreButtonDemo$1 1
.method_map santhosh/MoreButtonDemo$1/actionPerformed (Ljava/awt/event/ActionEvent;)V actionPerformed
.field_map santhosh/MoreButtonDemo/class$santhosh$MoreButtonDemo class$santhosh$MoreButtonDemo
.method_map santhosh/MoreButtonDemo/class$ (Ljava/lang/String;)Ljava/lang/Class; class$
