# If this log is to be used for incremental obfuscation / patch generation, 
# add any '.class', '.method', '.field' and '.attribute' restrictions here:


#-DO-NOT-EDIT-BELOW-THIS-LINE------------------DO-NOT-EDIT-BELOW-THIS-LINE--
#
# RetroGuard Bytecode Obfuscator, v2.0.2, a product of Retrologic Systems - www.retrologic.com
#
# Logfile created on Fri Jul 15 00:18:35 GMT+05:30 2005
#
# Jar file to be obfuscated:           LongLivedModels.jar
# Target Jar file for obfuscated code: LongLivedModels_obfsucated.jar
# RetroGuard Script file used:         (none, defaults used)
#
#
# Memory in use after class data structure built: 303344 bytes
# Total memory available                        : 2031616 bytes
#
#
# Obfuscated name overloading frequency:
#  'a'   	used 1 times	(100%)
#  Other names (each used in <1% of mappings) used a total of 0 times (0%)
#
#
# Names reserved from obfuscation:
#
.field santhosh/LongLivedModelsDemo$2/val$model Ljavax/swing/table/TableModel;
.field santhosh/LongLivedModelsDemo$1/val$listModel Ljavax/swing/DefaultListModel;
.class santhosh/LongLivedModelsDemo
.method santhosh/LongLivedModelsDemo/main ([Ljava/lang/String;)V
#
#
# Obfuscated name mappings (some of these may be unchanged due to polymorphism constraints):
#
.class_map santhosh/LongLivedModelsDemo$3 3
.method_map santhosh/LongLivedModelsDemo$3/actionPerformed (Ljava/awt/event/ActionEvent;)V actionPerformed
.class_map santhosh/LongLivedModelsDemo$2 2
.method_map santhosh/LongLivedModelsDemo$2/actionPerformed (Ljava/awt/event/ActionEvent;)V actionPerformed
.class_map santhosh/LongLivedModelsDemo$1 1
.method_map santhosh/LongLivedModelsDemo$1/removeTableModelListener (Ljavax/swing/event/TableModelListener;)V removeTableModelListener
.method_map santhosh/LongLivedModelsDemo$1/addTableModelListener (Ljavax/swing/event/TableModelListener;)V addTableModelListener
.method_map santhosh/LongLivedModelsDemo/setVisibleRowCount (Ljavax/swing/JTable;I)V a
