# If this log is to be used for incremental obfuscation / patch generation, 
# add any '.class', '.method', '.field' and '.attribute' restrictions here:


#-DO-NOT-EDIT-BELOW-THIS-LINE------------------DO-NOT-EDIT-BELOW-THIS-LINE--
#
# RetroGuard Bytecode Obfuscator, v2.0.2, a product of Retrologic Systems - www.retrologic.com
#
# Logfile created on Thu Jun 29 03:08:11 GMT+05:30 2006
#
# Jar file to be obfuscated:           WideComboBox.jar
# Target Jar file for obfuscated code: WideComboBox_obfsucated.jar
# RetroGuard Script file used:         (none, defaults used)
#
#
# Memory in use after class data structure built: 489736 bytes
# Total memory available                        : 2031616 bytes
#
#
# Obfuscated name overloading frequency:
#
# Names reserved from obfuscation:
#
.class santhosh/WideComboBoxDemo
.method santhosh/WideComboBoxDemo/main ([Ljava/lang/String;)V
.class santhosh/WideComboBox
.field santhosh/WideComboBox/layingOut Z
#
#
# Obfuscated name mappings (some of these may be unchanged due to polymorphism constraints):
#
.method_map santhosh/WideComboBox/getSize ()Ljava/awt/Dimension; getSize
.method_map santhosh/WideComboBox/doLayout ()V doLayout
